<?xml version="1.0" encoding="UTF-8"?>
<testng-results skipped="0" failed="0" ignored="0" total="1" passed="1">
  <reporter-output>
  </reporter-output>
  <suite name="BDD Test Suite" duration-ms="56559" started-at="2020-02-17T02:14:12Z" finished-at="2020-02-17T02:15:09Z">
    <groups>
      <group name="cucumber">
        <method signature="TestRunner.feature(cucumber.api.testng.CucumberFeatureWrapper)[pri:0, instance:YouLendProject.TestRunner@6950e31]" name="feature" class="YouLendProject.TestRunner"/>
      </group> <!-- cucumber -->
    </groups>
    <test name="YouLend Tech Test" duration-ms="56559" started-at="2020-02-17T02:14:12Z" finished-at="2020-02-17T02:15:09Z">
      <class name="YouLendProject.TestRunner">
        <test-method status="PASS" signature="setUpClass()[pri:0, instance:YouLendProject.TestRunner@6950e31]" name="setUpClass" is-config="true" duration-ms="325" started-at="2020-02-17T02:14:12Z" finished-at="2020-02-17T02:14:13Z">
          <reporter-output>
          </reporter-output>
        </test-method> <!-- setUpClass -->
        <test-method status="PASS" signature="feature(cucumber.api.testng.CucumberFeatureWrapper)[pri:0, instance:YouLendProject.TestRunner@6950e31]" name="feature" duration-ms="55950" started-at="2020-02-17T02:14:13Z" description="Runs Cucumber Feature" data-provider="features" finished-at="2020-02-17T02:15:09Z">
          <params>
            <param index="0">
              <value>
                <![CDATA[User journey from placing order to payment]]>
              </value>
            </param>
          </params>
          <reporter-output>
          </reporter-output>
        </test-method> <!-- feature -->
        <test-method status="PASS" signature="tearDownClass()[pri:0, instance:YouLendProject.TestRunner@6950e31]" name="tearDownClass" is-config="true" duration-ms="137" started-at="2020-02-17T02:15:09Z" finished-at="2020-02-17T02:15:09Z">
          <reporter-output>
          </reporter-output>
        </test-method> <!-- tearDownClass -->
      </class> <!-- YouLendProject.TestRunner -->
    </test> <!-- YouLend Tech Test -->
  </suite> <!-- BDD Test Suite -->
</testng-results>
